<?xml version="1.0" encoding="UTF-8"?>
<testsuite xmlns:xsi="http://www.w3.org/2001/XMLSchema-instance" xsi:noNamespaceSchemaLocation="https://maven.apache.org/surefire/maven-surefire-plugin/xsd/surefire-test-report.xsd" name="com.cucumber.CucumberTest" time="2.691" tests="2" errors="2" skipped="0" failures="0">
  <properties>
    <property name="awt.toolkit" value="sun.awt.X11.XToolkit"/>
    <property name="jdk.extensions.version" value="8.0.292.0"/>
    <property name="file.encoding.pkg" value="sun.io"/>
    <property name="java.specification.version" value="1.8"/>
    <property name="sun.jnu.encoding" value="UTF-8"/>
    <property name="java.class.path" value="/home/imuerte/projects/auri/test-cucumber/target/test-classes:/home/imuerte/projects/auri/test-cucumber/target/classes:/home/imuerte/.m2/repository/io/cucumber/cucumber-java/5.6.0/cucumber-java-5.6.0.jar:/home/imuerte/.m2/repository/io/cucumber/cucumber-core/5.6.0/cucumber-core-5.6.0.jar:/home/imuerte/.m2/repository/io/cucumber/cucumber-gherkin/5.6.0/cucumber-gherkin-5.6.0.jar:/home/imuerte/.m2/repository/io/cucumber/cucumber-gherkin-vintage/5.6.0/cucumber-gherkin-vintage-5.6.0.jar:/home/imuerte/.m2/repository/io/cucumber/tag-expressions/2.0.4/tag-expressions-2.0.4.jar:/home/imuerte/.m2/repository/io/cucumber/cucumber-expressions/8.3.1/cucumber-expressions-8.3.1.jar:/home/imuerte/.m2/repository/io/cucumber/datatable/3.3.1/datatable-3.3.1.jar:/home/imuerte/.m2/repository/io/cucumber/cucumber-plugin/5.6.0/cucumber-plugin-5.6.0.jar:/home/imuerte/.m2/repository/io/cucumber/docstring/5.6.0/docstring-5.6.0.jar:/home/imuerte/.m2/repository/org/apiguardian/apiguardian-api/1.1.0/apiguardian-api-1.1.0.jar:/home/imuerte/.m2/repository/io/cucumber/cucumber-junit/5.6.0/cucumber-junit-5.6.0.jar:/home/imuerte/.m2/repository/junit/junit/4.12/junit-4.12.jar:/home/imuerte/.m2/repository/org/hamcrest/hamcrest-core/2.1/hamcrest-core-2.1.jar:/home/imuerte/.m2/repository/org/seleniumhq/selenium/selenium-java/4.0.0-rc-1/selenium-java-4.0.0-rc-1.jar:/home/imuerte/.m2/repository/org/seleniumhq/selenium/selenium-api/3.141.59/selenium-api-3.141.59.jar:/home/imuerte/.m2/repository/org/seleniumhq/selenium/selenium-chrome-driver/3.141.59/selenium-chrome-driver-3.141.59.jar:/home/imuerte/.m2/repository/net/bytebuddy/byte-buddy/1.10.6/byte-buddy-1.10.6.jar:/home/imuerte/.m2/repository/org/apache/commons/commons-exec/1.3/commons-exec-1.3.jar:/home/imuerte/.m2/repository/com/google/guava/guava/25.0-jre/guava-25.0-jre.jar:/home/imuerte/.m2/repository/com/google/code/findbugs/jsr305/1.3.9/jsr305-1.3.9.jar:/home/imuerte/.m2/repository/org/checkerframework/checker-compat-qual/2.0.0/checker-compat-qual-2.0.0.jar:/home/imuerte/.m2/repository/com/google/errorprone/error_prone_annotations/2.1.3/error_prone_annotations-2.1.3.jar:/home/imuerte/.m2/repository/com/google/j2objc/j2objc-annotations/1.1/j2objc-annotations-1.1.jar:/home/imuerte/.m2/repository/org/codehaus/mojo/animal-sniffer-annotations/1.14/animal-sniffer-annotations-1.14.jar:/home/imuerte/.m2/repository/com/squareup/okhttp3/okhttp/3.14.6/okhttp-3.14.6.jar:/home/imuerte/.m2/repository/com/squareup/okio/okio/1.14.0/okio-1.14.0.jar:/home/imuerte/.m2/repository/org/seleniumhq/selenium/selenium-devtools-v85/4.0.0-rc-1/selenium-devtools-v85-4.0.0-rc-1.jar:/home/imuerte/.m2/repository/com/google/auto/service/auto-service-annotations/1.0/auto-service-annotations-1.0.jar:/home/imuerte/.m2/repository/com/google/auto/service/auto-service/1.0/auto-service-1.0.jar:/home/imuerte/.m2/repository/com/google/auto/auto-common/1.0/auto-common-1.0.jar:/home/imuerte/.m2/repository/org/seleniumhq/selenium/selenium-devtools/4.0.0-rc-1/selenium-devtools-4.0.0-rc-1.jar:/home/imuerte/.m2/repository/org/seleniumhq/selenium/selenium-http/4.0.0-rc-1/selenium-http-4.0.0-rc-1.jar:/home/imuerte/.m2/repository/org/seleniumhq/selenium/selenium-json/4.0.0-rc-1/selenium-json-4.0.0-rc-1.jar:/home/imuerte/.m2/repository/org/seleniumhq/selenium/selenium-devtools-v92/4.0.0-rc-1/selenium-devtools-v92-4.0.0-rc-1.jar:/home/imuerte/.m2/repository/org/seleniumhq/selenium/selenium-devtools-v93/4.0.0-rc-1/selenium-devtools-v93-4.0.0-rc-1.jar:/home/imuerte/.m2/repository/org/seleniumhq/selenium/selenium-edge-driver/3.141.59/selenium-edge-driver-3.141.59.jar:/home/imuerte/.m2/repository/org/seleniumhq/selenium/selenium-firefox-driver/3.141.59/selenium-firefox-driver-3.141.59.jar:/home/imuerte/.m2/repository/org/seleniumhq/selenium/selenium-firefox-xpi-driver/4.0.0-rc-1/selenium-firefox-xpi-driver-4.0.0-rc-1.jar:/home/imuerte/.m2/repository/org/seleniumhq/selenium/selenium-ie-driver/3.141.59/selenium-ie-driver-3.141.59.jar:/home/imuerte/.m2/repository/org/seleniumhq/selenium/selenium-opera-driver/3.141.59/selenium-opera-driver-3.141.59.jar:/home/imuerte/.m2/repository/org/seleniumhq/selenium/selenium-remote-driver/3.141.59/selenium-remote-driver-3.141.59.jar:/home/imuerte/.m2/repository/org/seleniumhq/selenium/selenium-safari-driver/3.141.59/selenium-safari-driver-3.141.59.jar:/home/imuerte/.m2/repository/org/seleniumhq/selenium/selenium-support/3.141.59/selenium-support-3.141.59.jar:/home/imuerte/.m2/repository/org/projectlombok/lombok/1.18.12/lombok-1.18.12.jar:/home/imuerte/.m2/repository/io/cucumber/cucumber-spring/5.6.0/cucumber-spring-5.6.0.jar:/home/imuerte/.m2/repository/org/springframework/boot/spring-boot-starter-test/2.2.4.RELEASE/spring-boot-starter-test-2.2.4.RELEASE.jar:/home/imuerte/.m2/repository/org/springframework/boot/spring-boot-starter/2.2.4.RELEASE/spring-boot-starter-2.2.4.RELEASE.jar:/home/imuerte/.m2/repository/org/springframework/boot/spring-boot/2.2.4.RELEASE/spring-boot-2.2.4.RELEASE.jar:/home/imuerte/.m2/repository/org/springframework/spring-context/5.2.3.RELEASE/spring-context-5.2.3.RELEASE.jar:/home/imuerte/.m2/repository/org/springframework/spring-aop/5.2.3.RELEASE/spring-aop-5.2.3.RELEASE.jar:/home/imuerte/.m2/repository/org/springframework/spring-beans/5.2.3.RELEASE/spring-beans-5.2.3.RELEASE.jar:/home/imuerte/.m2/repository/org/springframework/spring-expression/5.2.3.RELEASE/spring-expression-5.2.3.RELEASE.jar:/home/imuerte/.m2/repository/org/springframework/boot/spring-boot-autoconfigure/2.2.4.RELEASE/spring-boot-autoconfigure-2.2.4.RELEASE.jar:/home/imuerte/.m2/repository/org/springframework/boot/spring-boot-starter-logging/2.2.4.RELEASE/spring-boot-starter-logging-2.2.4.RELEASE.jar:/home/imuerte/.m2/repository/ch/qos/logback/logback-classic/1.2.3/logback-classic-1.2.3.jar:/home/imuerte/.m2/repository/ch/qos/logback/logback-core/1.2.3/logback-core-1.2.3.jar:/home/imuerte/.m2/repository/org/apache/logging/log4j/log4j-to-slf4j/2.12.1/log4j-to-slf4j-2.12.1.jar:/home/imuerte/.m2/repository/org/apache/logging/log4j/log4j-api/2.12.1/log4j-api-2.12.1.jar:/home/imuerte/.m2/repository/org/slf4j/jul-to-slf4j/1.7.30/jul-to-slf4j-1.7.30.jar:/home/imuerte/.m2/repository/jakarta/annotation/jakarta.annotation-api/1.3.5/jakarta.annotation-api-1.3.5.jar:/home/imuerte/.m2/repository/org/yaml/snakeyaml/1.25/snakeyaml-1.25.jar:/home/imuerte/.m2/repository/org/springframework/boot/spring-boot-test/2.2.4.RELEASE/spring-boot-test-2.2.4.RELEASE.jar:/home/imuerte/.m2/repository/org/springframework/boot/spring-boot-test-autoconfigure/2.2.4.RELEASE/spring-boot-test-autoconfigure-2.2.4.RELEASE.jar:/home/imuerte/.m2/repository/com/jayway/jsonpath/json-path/2.4.0/json-path-2.4.0.jar:/home/imuerte/.m2/repository/net/minidev/json-smart/2.3/json-smart-2.3.jar:/home/imuerte/.m2/repository/net/minidev/accessors-smart/1.2/accessors-smart-1.2.jar:/home/imuerte/.m2/repository/org/ow2/asm/asm/5.0.4/asm-5.0.4.jar:/home/imuerte/.m2/repository/org/slf4j/slf4j-api/1.7.30/slf4j-api-1.7.30.jar:/home/imuerte/.m2/repository/jakarta/xml/bind/jakarta.xml.bind-api/2.3.2/jakarta.xml.bind-api-2.3.2.jar:/home/imuerte/.m2/repository/jakarta/activation/jakarta.activation-api/1.2.1/jakarta.activation-api-1.2.1.jar:/home/imuerte/.m2/repository/org/junit/jupiter/junit-jupiter/5.5.2/junit-jupiter-5.5.2.jar:/home/imuerte/.m2/repository/org/junit/jupiter/junit-jupiter-api/5.5.2/junit-jupiter-api-5.5.2.jar:/home/imuerte/.m2/repository/org/opentest4j/opentest4j/1.2.0/opentest4j-1.2.0.jar:/home/imuerte/.m2/repository/org/junit/platform/junit-platform-commons/1.5.2/junit-platform-commons-1.5.2.jar:/home/imuerte/.m2/repository/org/junit/jupiter/junit-jupiter-params/5.5.2/junit-jupiter-params-5.5.2.jar:/home/imuerte/.m2/repository/org/junit/jupiter/junit-jupiter-engine/5.5.2/junit-jupiter-engine-5.5.2.jar:/home/imuerte/.m2/repository/org/junit/vintage/junit-vintage-engine/5.5.2/junit-vintage-engine-5.5.2.jar:/home/imuerte/.m2/repository/org/junit/platform/junit-platform-engine/1.5.2/junit-platform-engine-1.5.2.jar:/home/imuerte/.m2/repository/org/mockito/mockito-junit-jupiter/3.1.0/mockito-junit-jupiter-3.1.0.jar:/home/imuerte/.m2/repository/org/hamcrest/hamcrest/2.1/hamcrest-2.1.jar:/home/imuerte/.m2/repository/org/mockito/mockito-core/3.1.0/mockito-core-3.1.0.jar:/home/imuerte/.m2/repository/net/bytebuddy/byte-buddy-agent/1.10.6/byte-buddy-agent-1.10.6.jar:/home/imuerte/.m2/repository/org/objenesis/objenesis/2.6/objenesis-2.6.jar:/home/imuerte/.m2/repository/org/skyscreamer/jsonassert/1.5.0/jsonassert-1.5.0.jar:/home/imuerte/.m2/repository/com/vaadin/external/google/android-json/0.0.20131108.vaadin1/android-json-0.0.20131108.vaadin1.jar:/home/imuerte/.m2/repository/org/springframework/spring-core/5.2.3.RELEASE/spring-core-5.2.3.RELEASE.jar:/home/imuerte/.m2/repository/org/springframework/spring-jcl/5.2.3.RELEASE/spring-jcl-5.2.3.RELEASE.jar:/home/imuerte/.m2/repository/org/springframework/spring-test/5.2.3.RELEASE/spring-test-5.2.3.RELEASE.jar:/home/imuerte/.m2/repository/org/xmlunit/xmlunit-core/2.6.3/xmlunit-core-2.6.3.jar:/home/imuerte/.m2/repository/org/assertj/assertj-core/3.15.0/assertj-core-3.15.0.jar:/home/imuerte/.m2/repository/de/monochromata/cucumber/reporting-plugin/4.0.39/reporting-plugin-4.0.39.jar:/home/imuerte/.m2/repository/io/cucumber/gherkin/12.0.0/gherkin-12.0.0.jar:/home/imuerte/.m2/repository/io/cucumber/messages/11.1.1/messages-11.1.1.jar:/home/imuerte/.m2/repository/net/masterthought/cucumber-reporting/5.1.1/cucumber-reporting-5.1.1.jar:/home/imuerte/.m2/repository/com/fasterxml/jackson/core/jackson-databind/2.10.2/jackson-databind-2.10.2.jar:/home/imuerte/.m2/repository/com/fasterxml/jackson/core/jackson-annotations/2.10.2/jackson-annotations-2.10.2.jar:/home/imuerte/.m2/repository/com/fasterxml/jackson/core/jackson-core/2.10.2/jackson-core-2.10.2.jar:/home/imuerte/.m2/repository/com/fasterxml/jackson/datatype/jackson-datatype-jsr310/2.10.2/jackson-datatype-jsr310-2.10.2.jar:/home/imuerte/.m2/repository/org/apache/velocity/velocity-engine-core/2.1/velocity-engine-core-2.1.jar:/home/imuerte/.m2/repository/commons-collections/commons-collections/3.2.2/commons-collections-3.2.2.jar:/home/imuerte/.m2/repository/joda-time/joda-time/2.10.5/joda-time-2.10.5.jar:/home/imuerte/.m2/repository/org/apache/commons/commons-lang3/3.9/commons-lang3-3.9.jar:/home/imuerte/.m2/repository/commons-io/commons-io/2.6/commons-io-2.6.jar:/home/imuerte/.m2/repository/org/codehaus/plexus/plexus-utils/3.3.0/plexus-utils-3.3.0.jar:/home/imuerte/.m2/repository/org/jsoup/jsoup/1.12.1/jsoup-1.12.1.jar:/home/imuerte/.m2/repository/com/googlecode/owasp-java-html-sanitizer/owasp-java-html-sanitizer/20191001.1/owasp-java-html-sanitizer-20191001.1.jar:/home/imuerte/.m2/repository/commons-configuration/commons-configuration/1.10/commons-configuration-1.10.jar:/home/imuerte/.m2/repository/commons-lang/commons-lang/2.6/commons-lang-2.6.jar:/home/imuerte/.m2/repository/commons-logging/commons-logging/1.1.1/commons-logging-1.1.1.jar:/home/imuerte/.m2/repository/io/rest-assured/rest-assured/4.3.0/rest-assured-4.3.0.jar:/home/imuerte/.m2/repository/org/codehaus/groovy/groovy/2.5.9/groovy-2.5.9.jar:/home/imuerte/.m2/repository/org/codehaus/groovy/groovy-xml/2.5.9/groovy-xml-2.5.9.jar:/home/imuerte/.m2/repository/org/apache/httpcomponents/httpclient/4.5.10/httpclient-4.5.10.jar:/home/imuerte/.m2/repository/org/apache/httpcomponents/httpcore/4.4.13/httpcore-4.4.13.jar:/home/imuerte/.m2/repository/commons-codec/commons-codec/1.13/commons-codec-1.13.jar:/home/imuerte/.m2/repository/org/apache/httpcomponents/httpmime/4.5.10/httpmime-4.5.10.jar:/home/imuerte/.m2/repository/org/ccil/cowan/tagsoup/tagsoup/1.2.1/tagsoup-1.2.1.jar:/home/imuerte/.m2/repository/io/rest-assured/json-path/3.3.0/json-path-3.3.0.jar:/home/imuerte/.m2/repository/org/codehaus/groovy/groovy-json/2.5.9/groovy-json-2.5.9.jar:/home/imuerte/.m2/repository/io/rest-assured/rest-assured-common/3.3.0/rest-assured-common-3.3.0.jar:/home/imuerte/.m2/repository/io/rest-assured/xml-path/3.3.0/xml-path-3.3.0.jar:/home/imuerte/.m2/repository/javax/xml/bind/jaxb-api/2.3.1/jaxb-api-2.3.1.jar:/home/imuerte/.m2/repository/javax/activation/javax.activation-api/1.2.0/javax.activation-api-1.2.0.jar:/home/imuerte/.m2/repository/com/sun/xml/bind/jaxb-osgi/2.2.10/jaxb-osgi-2.2.10.jar:/home/imuerte/.m2/repository/org/apache/sling/org.apache.sling.javax.activation/0.1.0/org.apache.sling.javax.activation-0.1.0.jar:/home/imuerte/.m2/repository/javax/activation/activation/1.1.1/activation-1.1.1.jar:"/>
    <property name="java.vm.vendor" value="Eclipse OpenJ9"/>
    <property name="com.ibm.zero.version" value="2"/>
    <property name="sun.arch.data.model" value="64"/>
    <property name="com.ibm.vm.bitmode" value="64"/>
    <property name="user.variant" value=""/>
    <property name="com.ibm.oti.vm.library.version" value="29"/>
    <property name="java.vendor.url" value="https://adoptopenjdk.net/"/>
    <property name="user.timezone" value=""/>
    <property name="os.name" value="Linux"/>
    <property name="java.vm.specification.version" value="1.8"/>
    <property name="sun.java.launcher" value="SUN_STANDARD"/>
    <property name="user.country" value="ES"/>
    <property name="sun.boot.library.path" value="/home/imuerte/.sdkman/candidates/java/8.0.292.j9-adpt/jre/lib/amd64/default:/home/imuerte/.sdkman/candidates/java/8.0.292.j9-adpt/jre/lib/amd64"/>
    <property name="sun.java.command" value="/home/imuerte/projects/auri/test-cucumber/target/surefire/surefirebooter9092192488216874951.jar /home/imuerte/projects/auri/test-cucumber/target/surefire 2021-09-25T10-24-18_724-jvmRun1 surefire5649378150201213669tmp surefire_03746254569723838371tmp"/>
    <property name="surefire.test.class.path" value="/home/imuerte/projects/auri/test-cucumber/target/test-classes:/home/imuerte/projects/auri/test-cucumber/target/classes:/home/imuerte/.m2/repository/io/cucumber/cucumber-java/5.6.0/cucumber-java-5.6.0.jar:/home/imuerte/.m2/repository/io/cucumber/cucumber-core/5.6.0/cucumber-core-5.6.0.jar:/home/imuerte/.m2/repository/io/cucumber/cucumber-gherkin/5.6.0/cucumber-gherkin-5.6.0.jar:/home/imuerte/.m2/repository/io/cucumber/cucumber-gherkin-vintage/5.6.0/cucumber-gherkin-vintage-5.6.0.jar:/home/imuerte/.m2/repository/io/cucumber/tag-expressions/2.0.4/tag-expressions-2.0.4.jar:/home/imuerte/.m2/repository/io/cucumber/cucumber-expressions/8.3.1/cucumber-expressions-8.3.1.jar:/home/imuerte/.m2/repository/io/cucumber/datatable/3.3.1/datatable-3.3.1.jar:/home/imuerte/.m2/repository/io/cucumber/cucumber-plugin/5.6.0/cucumber-plugin-5.6.0.jar:/home/imuerte/.m2/repository/io/cucumber/docstring/5.6.0/docstring-5.6.0.jar:/home/imuerte/.m2/repository/org/apiguardian/apiguardian-api/1.1.0/apiguardian-api-1.1.0.jar:/home/imuerte/.m2/repository/io/cucumber/cucumber-junit/5.6.0/cucumber-junit-5.6.0.jar:/home/imuerte/.m2/repository/junit/junit/4.12/junit-4.12.jar:/home/imuerte/.m2/repository/org/hamcrest/hamcrest-core/2.1/hamcrest-core-2.1.jar:/home/imuerte/.m2/repository/org/seleniumhq/selenium/selenium-java/4.0.0-rc-1/selenium-java-4.0.0-rc-1.jar:/home/imuerte/.m2/repository/org/seleniumhq/selenium/selenium-api/3.141.59/selenium-api-3.141.59.jar:/home/imuerte/.m2/repository/org/seleniumhq/selenium/selenium-chrome-driver/3.141.59/selenium-chrome-driver-3.141.59.jar:/home/imuerte/.m2/repository/net/bytebuddy/byte-buddy/1.10.6/byte-buddy-1.10.6.jar:/home/imuerte/.m2/repository/org/apache/commons/commons-exec/1.3/commons-exec-1.3.jar:/home/imuerte/.m2/repository/com/google/guava/guava/25.0-jre/guava-25.0-jre.jar:/home/imuerte/.m2/repository/com/google/code/findbugs/jsr305/1.3.9/jsr305-1.3.9.jar:/home/imuerte/.m2/repository/org/checkerframework/checker-compat-qual/2.0.0/checker-compat-qual-2.0.0.jar:/home/imuerte/.m2/repository/com/google/errorprone/error_prone_annotations/2.1.3/error_prone_annotations-2.1.3.jar:/home/imuerte/.m2/repository/com/google/j2objc/j2objc-annotations/1.1/j2objc-annotations-1.1.jar:/home/imuerte/.m2/repository/org/codehaus/mojo/animal-sniffer-annotations/1.14/animal-sniffer-annotations-1.14.jar:/home/imuerte/.m2/repository/com/squareup/okhttp3/okhttp/3.14.6/okhttp-3.14.6.jar:/home/imuerte/.m2/repository/com/squareup/okio/okio/1.14.0/okio-1.14.0.jar:/home/imuerte/.m2/repository/org/seleniumhq/selenium/selenium-devtools-v85/4.0.0-rc-1/selenium-devtools-v85-4.0.0-rc-1.jar:/home/imuerte/.m2/repository/com/google/auto/service/auto-service-annotations/1.0/auto-service-annotations-1.0.jar:/home/imuerte/.m2/repository/com/google/auto/service/auto-service/1.0/auto-service-1.0.jar:/home/imuerte/.m2/repository/com/google/auto/auto-common/1.0/auto-common-1.0.jar:/home/imuerte/.m2/repository/org/seleniumhq/selenium/selenium-devtools/4.0.0-rc-1/selenium-devtools-4.0.0-rc-1.jar:/home/imuerte/.m2/repository/org/seleniumhq/selenium/selenium-http/4.0.0-rc-1/selenium-http-4.0.0-rc-1.jar:/home/imuerte/.m2/repository/org/seleniumhq/selenium/selenium-json/4.0.0-rc-1/selenium-json-4.0.0-rc-1.jar:/home/imuerte/.m2/repository/org/seleniumhq/selenium/selenium-devtools-v92/4.0.0-rc-1/selenium-devtools-v92-4.0.0-rc-1.jar:/home/imuerte/.m2/repository/org/seleniumhq/selenium/selenium-devtools-v93/4.0.0-rc-1/selenium-devtools-v93-4.0.0-rc-1.jar:/home/imuerte/.m2/repository/org/seleniumhq/selenium/selenium-edge-driver/3.141.59/selenium-edge-driver-3.141.59.jar:/home/imuerte/.m2/repository/org/seleniumhq/selenium/selenium-firefox-driver/3.141.59/selenium-firefox-driver-3.141.59.jar:/home/imuerte/.m2/repository/org/seleniumhq/selenium/selenium-firefox-xpi-driver/4.0.0-rc-1/selenium-firefox-xpi-driver-4.0.0-rc-1.jar:/home/imuerte/.m2/repository/org/seleniumhq/selenium/selenium-ie-driver/3.141.59/selenium-ie-driver-3.141.59.jar:/home/imuerte/.m2/repository/org/seleniumhq/selenium/selenium-opera-driver/3.141.59/selenium-opera-driver-3.141.59.jar:/home/imuerte/.m2/repository/org/seleniumhq/selenium/selenium-remote-driver/3.141.59/selenium-remote-driver-3.141.59.jar:/home/imuerte/.m2/repository/org/seleniumhq/selenium/selenium-safari-driver/3.141.59/selenium-safari-driver-3.141.59.jar:/home/imuerte/.m2/repository/org/seleniumhq/selenium/selenium-support/3.141.59/selenium-support-3.141.59.jar:/home/imuerte/.m2/repository/org/projectlombok/lombok/1.18.12/lombok-1.18.12.jar:/home/imuerte/.m2/repository/io/cucumber/cucumber-spring/5.6.0/cucumber-spring-5.6.0.jar:/home/imuerte/.m2/repository/org/springframework/boot/spring-boot-starter-test/2.2.4.RELEASE/spring-boot-starter-test-2.2.4.RELEASE.jar:/home/imuerte/.m2/repository/org/springframework/boot/spring-boot-starter/2.2.4.RELEASE/spring-boot-starter-2.2.4.RELEASE.jar:/home/imuerte/.m2/repository/org/springframework/boot/spring-boot/2.2.4.RELEASE/spring-boot-2.2.4.RELEASE.jar:/home/imuerte/.m2/repository/org/springframework/spring-context/5.2.3.RELEASE/spring-context-5.2.3.RELEASE.jar:/home/imuerte/.m2/repository/org/springframework/spring-aop/5.2.3.RELEASE/spring-aop-5.2.3.RELEASE.jar:/home/imuerte/.m2/repository/org/springframework/spring-beans/5.2.3.RELEASE/spring-beans-5.2.3.RELEASE.jar:/home/imuerte/.m2/repository/org/springframework/spring-expression/5.2.3.RELEASE/spring-expression-5.2.3.RELEASE.jar:/home/imuerte/.m2/repository/org/springframework/boot/spring-boot-autoconfigure/2.2.4.RELEASE/spring-boot-autoconfigure-2.2.4.RELEASE.jar:/home/imuerte/.m2/repository/org/springframework/boot/spring-boot-starter-logging/2.2.4.RELEASE/spring-boot-starter-logging-2.2.4.RELEASE.jar:/home/imuerte/.m2/repository/ch/qos/logback/logback-classic/1.2.3/logback-classic-1.2.3.jar:/home/imuerte/.m2/repository/ch/qos/logback/logback-core/1.2.3/logback-core-1.2.3.jar:/home/imuerte/.m2/repository/org/apache/logging/log4j/log4j-to-slf4j/2.12.1/log4j-to-slf4j-2.12.1.jar:/home/imuerte/.m2/repository/org/apache/logging/log4j/log4j-api/2.12.1/log4j-api-2.12.1.jar:/home/imuerte/.m2/repository/org/slf4j/jul-to-slf4j/1.7.30/jul-to-slf4j-1.7.30.jar:/home/imuerte/.m2/repository/jakarta/annotation/jakarta.annotation-api/1.3.5/jakarta.annotation-api-1.3.5.jar:/home/imuerte/.m2/repository/org/yaml/snakeyaml/1.25/snakeyaml-1.25.jar:/home/imuerte/.m2/repository/org/springframework/boot/spring-boot-test/2.2.4.RELEASE/spring-boot-test-2.2.4.RELEASE.jar:/home/imuerte/.m2/repository/org/springframework/boot/spring-boot-test-autoconfigure/2.2.4.RELEASE/spring-boot-test-autoconfigure-2.2.4.RELEASE.jar:/home/imuerte/.m2/repository/com/jayway/jsonpath/json-path/2.4.0/json-path-2.4.0.jar:/home/imuerte/.m2/repository/net/minidev/json-smart/2.3/json-smart-2.3.jar:/home/imuerte/.m2/repository/net/minidev/accessors-smart/1.2/accessors-smart-1.2.jar:/home/imuerte/.m2/repository/org/ow2/asm/asm/5.0.4/asm-5.0.4.jar:/home/imuerte/.m2/repository/org/slf4j/slf4j-api/1.7.30/slf4j-api-1.7.30.jar:/home/imuerte/.m2/repository/jakarta/xml/bind/jakarta.xml.bind-api/2.3.2/jakarta.xml.bind-api-2.3.2.jar:/home/imuerte/.m2/repository/jakarta/activation/jakarta.activation-api/1.2.1/jakarta.activation-api-1.2.1.jar:/home/imuerte/.m2/repository/org/junit/jupiter/junit-jupiter/5.5.2/junit-jupiter-5.5.2.jar:/home/imuerte/.m2/repository/org/junit/jupiter/junit-jupiter-api/5.5.2/junit-jupiter-api-5.5.2.jar:/home/imuerte/.m2/repository/org/opentest4j/opentest4j/1.2.0/opentest4j-1.2.0.jar:/home/imuerte/.m2/repository/org/junit/platform/junit-platform-commons/1.5.2/junit-platform-commons-1.5.2.jar:/home/imuerte/.m2/repository/org/junit/jupiter/junit-jupiter-params/5.5.2/junit-jupiter-params-5.5.2.jar:/home/imuerte/.m2/repository/org/junit/jupiter/junit-jupiter-engine/5.5.2/junit-jupiter-engine-5.5.2.jar:/home/imuerte/.m2/repository/org/junit/vintage/junit-vintage-engine/5.5.2/junit-vintage-engine-5.5.2.jar:/home/imuerte/.m2/repository/org/junit/platform/junit-platform-engine/1.5.2/junit-platform-engine-1.5.2.jar:/home/imuerte/.m2/repository/org/mockito/mockito-junit-jupiter/3.1.0/mockito-junit-jupiter-3.1.0.jar:/home/imuerte/.m2/repository/org/hamcrest/hamcrest/2.1/hamcrest-2.1.jar:/home/imuerte/.m2/repository/org/mockito/mockito-core/3.1.0/mockito-core-3.1.0.jar:/home/imuerte/.m2/repository/net/bytebuddy/byte-buddy-agent/1.10.6/byte-buddy-agent-1.10.6.jar:/home/imuerte/.m2/repository/org/objenesis/objenesis/2.6/objenesis-2.6.jar:/home/imuerte/.m2/repository/org/skyscreamer/jsonassert/1.5.0/jsonassert-1.5.0.jar:/home/imuerte/.m2/repository/com/vaadin/external/google/android-json/0.0.20131108.vaadin1/android-json-0.0.20131108.vaadin1.jar:/home/imuerte/.m2/repository/org/springframework/spring-core/5.2.3.RELEASE/spring-core-5.2.3.RELEASE.jar:/home/imuerte/.m2/repository/org/springframework/spring-jcl/5.2.3.RELEASE/spring-jcl-5.2.3.RELEASE.jar:/home/imuerte/.m2/repository/org/springframework/spring-test/5.2.3.RELEASE/spring-test-5.2.3.RELEASE.jar:/home/imuerte/.m2/repository/org/xmlunit/xmlunit-core/2.6.3/xmlunit-core-2.6.3.jar:/home/imuerte/.m2/repository/org/assertj/assertj-core/3.15.0/assertj-core-3.15.0.jar:/home/imuerte/.m2/repository/de/monochromata/cucumber/reporting-plugin/4.0.39/reporting-plugin-4.0.39.jar:/home/imuerte/.m2/repository/io/cucumber/gherkin/12.0.0/gherkin-12.0.0.jar:/home/imuerte/.m2/repository/io/cucumber/messages/11.1.1/messages-11.1.1.jar:/home/imuerte/.m2/repository/net/masterthought/cucumber-reporting/5.1.1/cucumber-reporting-5.1.1.jar:/home/imuerte/.m2/repository/com/fasterxml/jackson/core/jackson-databind/2.10.2/jackson-databind-2.10.2.jar:/home/imuerte/.m2/repository/com/fasterxml/jackson/core/jackson-annotations/2.10.2/jackson-annotations-2.10.2.jar:/home/imuerte/.m2/repository/com/fasterxml/jackson/core/jackson-core/2.10.2/jackson-core-2.10.2.jar:/home/imuerte/.m2/repository/com/fasterxml/jackson/datatype/jackson-datatype-jsr310/2.10.2/jackson-datatype-jsr310-2.10.2.jar:/home/imuerte/.m2/repository/org/apache/velocity/velocity-engine-core/2.1/velocity-engine-core-2.1.jar:/home/imuerte/.m2/repository/commons-collections/commons-collections/3.2.2/commons-collections-3.2.2.jar:/home/imuerte/.m2/repository/joda-time/joda-time/2.10.5/joda-time-2.10.5.jar:/home/imuerte/.m2/repository/org/apache/commons/commons-lang3/3.9/commons-lang3-3.9.jar:/home/imuerte/.m2/repository/commons-io/commons-io/2.6/commons-io-2.6.jar:/home/imuerte/.m2/repository/org/codehaus/plexus/plexus-utils/3.3.0/plexus-utils-3.3.0.jar:/home/imuerte/.m2/repository/org/jsoup/jsoup/1.12.1/jsoup-1.12.1.jar:/home/imuerte/.m2/repository/com/googlecode/owasp-java-html-sanitizer/owasp-java-html-sanitizer/20191001.1/owasp-java-html-sanitizer-20191001.1.jar:/home/imuerte/.m2/repository/commons-configuration/commons-configuration/1.10/commons-configuration-1.10.jar:/home/imuerte/.m2/repository/commons-lang/commons-lang/2.6/commons-lang-2.6.jar:/home/imuerte/.m2/repository/commons-logging/commons-logging/1.1.1/commons-logging-1.1.1.jar:/home/imuerte/.m2/repository/io/rest-assured/rest-assured/4.3.0/rest-assured-4.3.0.jar:/home/imuerte/.m2/repository/org/codehaus/groovy/groovy/2.5.9/groovy-2.5.9.jar:/home/imuerte/.m2/repository/org/codehaus/groovy/groovy-xml/2.5.9/groovy-xml-2.5.9.jar:/home/imuerte/.m2/repository/org/apache/httpcomponents/httpclient/4.5.10/httpclient-4.5.10.jar:/home/imuerte/.m2/repository/org/apache/httpcomponents/httpcore/4.4.13/httpcore-4.4.13.jar:/home/imuerte/.m2/repository/commons-codec/commons-codec/1.13/commons-codec-1.13.jar:/home/imuerte/.m2/repository/org/apache/httpcomponents/httpmime/4.5.10/httpmime-4.5.10.jar:/home/imuerte/.m2/repository/org/ccil/cowan/tagsoup/tagsoup/1.2.1/tagsoup-1.2.1.jar:/home/imuerte/.m2/repository/io/rest-assured/json-path/3.3.0/json-path-3.3.0.jar:/home/imuerte/.m2/repository/org/codehaus/groovy/groovy-json/2.5.9/groovy-json-2.5.9.jar:/home/imuerte/.m2/repository/io/rest-assured/rest-assured-common/3.3.0/rest-assured-common-3.3.0.jar:/home/imuerte/.m2/repository/io/rest-assured/xml-path/3.3.0/xml-path-3.3.0.jar:/home/imuerte/.m2/repository/javax/xml/bind/jaxb-api/2.3.1/jaxb-api-2.3.1.jar:/home/imuerte/.m2/repository/javax/activation/javax.activation-api/1.2.0/javax.activation-api-1.2.0.jar:/home/imuerte/.m2/repository/com/sun/xml/bind/jaxb-osgi/2.2.10/jaxb-osgi-2.2.10.jar:/home/imuerte/.m2/repository/org/apache/sling/org.apache.sling.javax.activation/0.1.0/org.apache.sling.javax.activation-0.1.0.jar:/home/imuerte/.m2/repository/javax/activation/activation/1.1.1/activation-1.1.1.jar:"/>
    <property name="sun.cpu.endian" value="little"/>
    <property name="user.home" value="/home/imuerte"/>
    <property name="user.language" value="es"/>
    <property name="java.specification.vendor" value="Oracle Corporation"/>
    <property name="java.home" value="/home/imuerte/.sdkman/candidates/java/8.0.292.j9-adpt/jre"/>
    <property name="ibm.signalhandling.rs" value="false"/>
    <property name="file.separator" value="/"/>
    <property name="jdk.extensions.name" value="Extensions for OpenJDK for Eclipse OpenJ9"/>
    <property name="basedir" value="/home/imuerte/projects/auri/test-cucumber"/>
    <property name="line.separator" value="&#10;"/>
    <property name="java.vm.specification.vendor" value="Oracle Corporation"/>
    <property name="java.specification.name" value="Java Platform API Specification"/>
    <property name="java.compiler" value="j9jit29"/>
    <property name="com.ibm.util.extralibs.properties" value=""/>
    <property name="sun.java.launcher.pid" value="14416"/>
    <property name="java.awt.graphicsenv" value="sun.awt.X11GraphicsEnvironment"/>
    <property name="com.ibm.oti.configuration" value="scar"/>
    <property name="java.awt.fonts" value=""/>
    <property name="surefire.real.class.path" value="/home/imuerte/projects/auri/test-cucumber/target/surefire/surefirebooter9092192488216874951.jar"/>
    <property name="com.ibm.oti.shared.enabled" value="false"/>
    <property name="sun.boot.class.path" value="/home/imuerte/.sdkman/candidates/java/8.0.292.j9-adpt/jre/lib/amd64/default/jclSC180/vm.jar:/home/imuerte/.sdkman/candidates/java/8.0.292.j9-adpt/jre/lib/se-service.jar:/home/imuerte/.sdkman/candidates/java/8.0.292.j9-adpt/jre/lib/rt.jar:/home/imuerte/.sdkman/candidates/java/8.0.292.j9-adpt/jre/lib/resources.jar:/home/imuerte/.sdkman/candidates/java/8.0.292.j9-adpt/jre/lib/jsse.jar:/home/imuerte/.sdkman/candidates/java/8.0.292.j9-adpt/jre/lib/charsets.jar:/home/imuerte/.sdkman/candidates/java/8.0.292.j9-adpt/jre/lib/jce.jar"/>
    <property name="com.ibm.oti.vm.bootstrap.library.path" value="/home/imuerte/.sdkman/candidates/java/8.0.292.j9-adpt/jre/lib/amd64/default:/home/imuerte/.sdkman/candidates/java/8.0.292.j9-adpt/jre/lib/amd64"/>
    <property name="com.ibm.cpu.endian" value="little"/>
    <property name="java.fullversion" value="1.8.0_292-b10&#10;JRE 1.8.0 Linux amd64-64-Bit Compressed References 20210421_1000 (JIT enabled, AOT enabled)&#10;OpenJ9   - b4cc246d9&#10;OMR      - 162e6f729&#10;JCL      - 2a5e268814 based on jdk8u292-b10"/>
    <property name="java.runtime.version" value="1.8.0_292-b10"/>
    <property name="user.name" value="imuerte"/>
    <property name="path.separator" value=":"/>
    <property name="os.version" value="5.10.0-1029-oem"/>
    <property name="java.endorsed.dirs" value="/home/imuerte/.sdkman/candidates/java/8.0.292.j9-adpt/jre/lib/endorsed"/>
    <property name="java.runtime.name" value="OpenJDK Runtime Environment"/>
    <property name="ibm.signalhandling.sigint" value="true"/>
    <property name="file.encoding" value="UTF-8"/>
    <property name="java.vm.name" value="Eclipse OpenJ9 VM"/>
    <property name="ibm.signalhandling.sigchain" value="true"/>
    <property name="localRepository" value="/home/imuerte/.m2/repository"/>
    <property name="java.io.tmpdir" value="/tmp"/>
    <property name="java.version" value="1.8.0_292"/>
    <property name="com.ibm.system.agent.path" value="/home/imuerte/.sdkman/candidates/java/8.0.292.j9-adpt/jre/lib/amd64"/>
    <property name="user.dir" value="/home/imuerte/projects/auri/test-cucumber"/>
    <property name="os.arch" value="amd64"/>
    <property name="java.vm.specification.name" value="Java Virtual Machine Specification"/>
    <property name="java.awt.printerjob" value="sun.print.PSPrinterJob"/>
    <property name="os.encoding" value="UTF-8"/>
    <property name="java.library.path" value="/home/imuerte/.sdkman/candidates/java/8.0.292.j9-adpt/jre/lib/amd64/default:/home/imuerte/.sdkman/candidates/java/8.0.292.j9-adpt/jre/lib/amd64:/usr/lib64:/usr/lib"/>
    <property name="java.vendor" value="AdoptOpenJDK"/>
    <property name="java.vm.info" value="JRE 1.8.0 Linux amd64-64-Bit Compressed References 20210421_1000 (JIT enabled, AOT enabled)&#10;OpenJ9   - b4cc246d9&#10;OMR      - 162e6f729&#10;JCL      - 2a5e268814 based on jdk8u292-b10"/>
    <property name="java.vm.version" value="openj9-0.26.0"/>
    <property name="com.ibm.jcl.checkClassPath" value=""/>
    <property name="ibm.system.encoding" value="UTF-8"/>
    <property name="sun.io.unicode.encoding" value="UnicodeLittle"/>
    <property name="java.ext.dirs" value="/home/imuerte/.sdkman/candidates/java/8.0.292.j9-adpt/jre/lib/ext"/>
    <property name="java.class.version" value="52.0"/>
  </properties>
  <testcase name="Cliente se registra con exito" classname="com.cucumber.CucumberTest" time="2.667">
    <error message="Failed to load ApplicationContext" type="java.lang.IllegalStateException">java.lang.IllegalStateException: Failed to load ApplicationContext
Caused by: org.springframework.beans.factory.BeanCreationException: Error creating bean with name 'waitFor' defined in class path resource [com/cucumber/config/DriverConfig.class]: Bean instantiation via factory method failed; nested exception is org.springframework.beans.BeanInstantiationException: Failed to instantiate [org.openqa.selenium.support.ui.WebDriverWait]: Factory method 'waitFor' threw exception; nested exception is java.lang.IllegalStateException: No Scope registered for scope name 'cucumber-glue'
Caused by: org.springframework.beans.BeanInstantiationException: Failed to instantiate [org.openqa.selenium.support.ui.WebDriverWait]: Factory method 'waitFor' threw exception; nested exception is java.lang.IllegalStateException: No Scope registered for scope name 'cucumber-glue'
Caused by: java.lang.IllegalStateException: No Scope registered for scope name 'cucumber-glue'
</error>
    <system-out><![CDATA[10:24:21.647 [main] DEBUG org.springframework.test.context.BootstrapUtils - Instantiating CacheAwareContextLoaderDelegate from class [org.springframework.test.context.cache.DefaultCacheAwareContextLoaderDelegate]
10:24:21.673 [main] DEBUG org.springframework.test.context.BootstrapUtils - Instantiating BootstrapContext using constructor [public org.springframework.test.context.support.DefaultBootstrapContext(java.lang.Class,org.springframework.test.context.CacheAwareContextLoaderDelegate)]
10:24:21.730 [main] DEBUG org.springframework.test.context.BootstrapUtils - Instantiating TestContextBootstrapper for test class [com.cucumber.CucumberSpringContextConfiguration] from class [org.springframework.boot.test.context.SpringBootTestContextBootstrapper]
10:24:21.767 [main] DEBUG org.springframework.boot.test.context.SpringBootTestContextBootstrapper - Found explicit ContextLoader class [org.springframework.boot.test.context.SpringBootContextLoader] for context configuration attributes [ContextConfigurationAttributes@a2b7822b declaringClass = 'com.cucumber.CucumberSpringContextConfiguration', classes = '{class com.cucumber.config.TestConfig, class com.cucumber.StartApplication}', locations = '{}', inheritLocations = true, initializers = '{}', inheritInitializers = true, name = [null], contextLoaderClass = 'org.springframework.boot.test.context.SpringBootContextLoader']
10:24:21.779 [main] DEBUG org.springframework.test.context.support.AbstractContextLoader - Did not detect default resource location for test class [com.cucumber.CucumberSpringContextConfiguration]: class path resource [com/cucumber/CucumberSpringContextConfiguration-context.xml] does not exist
10:24:21.779 [main] DEBUG org.springframework.test.context.support.AbstractContextLoader - Did not detect default resource location for test class [com.cucumber.CucumberSpringContextConfiguration]: class path resource [com/cucumber/CucumberSpringContextConfigurationContext.groovy] does not exist
10:24:21.780 [main] INFO org.springframework.test.context.support.AbstractContextLoader - Could not detect default resource locations for test class [com.cucumber.CucumberSpringContextConfiguration]: no resource found for suffixes {-context.xml, Context.groovy}.
10:24:21.852 [main] DEBUG org.springframework.test.context.support.ActiveProfilesUtils - Could not find an 'annotation declaring class' for annotation type [org.springframework.test.context.ActiveProfiles] and class [com.cucumber.CucumberSpringContextConfiguration]
10:24:22.096 [main] DEBUG org.springframework.boot.test.context.SpringBootTestContextBootstrapper - @TestExecutionListeners is not present for class [com.cucumber.CucumberSpringContextConfiguration]: using defaults.
10:24:22.097 [main] INFO org.springframework.boot.test.context.SpringBootTestContextBootstrapper - Loaded default TestExecutionListener class names from location [META-INF/spring.factories]: [org.springframework.boot.test.mock.mockito.MockitoTestExecutionListener, org.springframework.boot.test.mock.mockito.ResetMocksTestExecutionListener, org.springframework.boot.test.autoconfigure.restdocs.RestDocsTestExecutionListener, org.springframework.boot.test.autoconfigure.web.client.MockRestServiceServerResetTestExecutionListener, org.springframework.boot.test.autoconfigure.web.servlet.MockMvcPrintOnlyOnFailureTestExecutionListener, org.springframework.boot.test.autoconfigure.web.servlet.WebDriverTestExecutionListener, org.springframework.test.context.web.ServletTestExecutionListener, org.springframework.test.context.support.DirtiesContextBeforeModesTestExecutionListener, org.springframework.test.context.support.DependencyInjectionTestExecutionListener, org.springframework.test.context.support.DirtiesContextTestExecutionListener, org.springframework.test.context.transaction.TransactionalTestExecutionListener, org.springframework.test.context.jdbc.SqlScriptsTestExecutionListener, org.springframework.test.context.event.EventPublishingTestExecutionListener]
10:24:22.115 [main] DEBUG org.springframework.boot.test.context.SpringBootTestContextBootstrapper - Skipping candidate TestExecutionListener [org.springframework.test.context.web.ServletTestExecutionListener] due to a missing dependency. Specify custom listener classes or make the default listener classes and their required dependencies available. Offending class: [javax.servlet.ServletContext]
10:24:22.117 [main] DEBUG org.springframework.boot.test.context.SpringBootTestContextBootstrapper - Skipping candidate TestExecutionListener [org.springframework.test.context.transaction.TransactionalTestExecutionListener] due to a missing dependency. Specify custom listener classes or make the default listener classes and their required dependencies available. Offending class: [org.springframework.transaction.interceptor.TransactionAttributeSource]
10:24:22.121 [main] DEBUG org.springframework.boot.test.context.SpringBootTestContextBootstrapper - Skipping candidate TestExecutionListener [org.springframework.test.context.jdbc.SqlScriptsTestExecutionListener] due to a missing dependency. Specify custom listener classes or make the default listener classes and their required dependencies available. Offending class: [org.springframework.transaction.interceptor.TransactionAttribute]
10:24:22.121 [main] INFO org.springframework.boot.test.context.SpringBootTestContextBootstrapper - Using TestExecutionListeners: [org.springframework.test.context.support.DirtiesContextBeforeModesTestExecutionListener@b60773f9, org.springframework.boot.test.mock.mockito.MockitoTestExecutionListener@e5613f46, org.springframework.boot.test.autoconfigure.SpringBootDependencyInjectionTestExecutionListener@c44fb993, org.springframework.test.context.support.DirtiesContextTestExecutionListener@9e25c6ba, org.springframework.test.context.event.EventPublishingTestExecutionListener@f205eee, org.springframework.boot.test.mock.mockito.ResetMocksTestExecutionListener@47a1e417, org.springframework.boot.test.autoconfigure.restdocs.RestDocsTestExecutionListener@698bc909, org.springframework.boot.test.autoconfigure.web.client.MockRestServiceServerResetTestExecutionListener@249c0d, org.springframework.boot.test.autoconfigure.web.servlet.MockMvcPrintOnlyOnFailureTestExecutionListener@25fa87c9, org.springframework.boot.test.autoconfigure.web.servlet.WebDriverTestExecutionListener@ad30a486]
10:24:22.167 [main] DEBUG org.springframework.test.context.support.TestPropertySourceUtils - Adding inlined properties to environment: {spring.jmx.enabled=false, org.springframework.boot.test.context.SpringBootTestContextBootstrapper=true, server.port=-1}

  .   ____          _            __ _ _
 /\\ / ___'_ __ _ _(_)_ __  __ _ \ \ \ \
( ( )\___ | '_ | '_| | '_ \/ _` | \ \ \ \
 \\/  ___)| |_)| | | | | || (_| |  ) ) ) )
  '  |____| .__|_| |_|_| |_\__, | / / / /
 =========|_|==============|___/=/_/_/_/
 :: Spring Boot ::        (v2.2.4.RELEASE)

2021-09-25 10:24:22.629  INFO 14416 --- [           main] c.c.CucumberSpringContextConfiguration   : Starting CucumberSpringContextConfiguration on muerte with PID 14416 (started by imuerte in /home/imuerte/projects/auri/test-cucumber)
2021-09-25 10:24:22.633  INFO 14416 --- [           main] c.c.CucumberSpringContextConfiguration   : No active profile set, falling back to default profiles: default
2021-09-25 10:24:23.917  WARN 14416 --- [           main] s.c.a.AnnotationConfigApplicationContext : Exception encountered during context initialization - cancelling refresh attempt: org.springframework.beans.factory.BeanCreationException: Error creating bean with name 'waitFor' defined in class path resource [com/cucumber/config/DriverConfig.class]: Bean instantiation via factory method failed; nested exception is org.springframework.beans.BeanInstantiationException: Failed to instantiate [org.openqa.selenium.support.ui.WebDriverWait]: Factory method 'waitFor' threw exception; nested exception is java.lang.IllegalStateException: No Scope registered for scope name 'cucumber-glue'
2021-09-25 10:24:23.937  INFO 14416 --- [           main] ConditionEvaluationReportLoggingListener : 

Error starting ApplicationContext. To display the conditions report re-run your application with 'debug' enabled.
2021-09-25 10:24:23.952 ERROR 14416 --- [           main] o.s.boot.SpringApplication               : Application run failed

org.springframework.beans.factory.BeanCreationException: Error creating bean with name 'waitFor' defined in class path resource [com/cucumber/config/DriverConfig.class]: Bean instantiation via factory method failed; nested exception is org.springframework.beans.BeanInstantiationException: Failed to instantiate [org.openqa.selenium.support.ui.WebDriverWait]: Factory method 'waitFor' threw exception; nested exception is java.lang.IllegalStateException: No Scope registered for scope name 'cucumber-glue'
	at org.springframework.beans.factory.support.ConstructorResolver.instantiate(ConstructorResolver.java:656) ~[spring-beans-5.2.3.RELEASE.jar:5.2.3.RELEASE]
	at org.springframework.beans.factory.support.ConstructorResolver.instantiateUsingFactoryMethod(ConstructorResolver.java:484) ~[spring-beans-5.2.3.RELEASE.jar:5.2.3.RELEASE]
	at org.springframework.beans.factory.support.AbstractAutowireCapableBeanFactory.instantiateUsingFactoryMethod(AbstractAutowireCapableBeanFactory.java:1338) ~[spring-beans-5.2.3.RELEASE.jar:5.2.3.RELEASE]
	at org.springframework.beans.factory.support.AbstractAutowireCapableBeanFactory.createBeanInstance(AbstractAutowireCapableBeanFactory.java:1177) ~[spring-beans-5.2.3.RELEASE.jar:5.2.3.RELEASE]
	at org.springframework.beans.factory.support.AbstractAutowireCapableBeanFactory.doCreateBean(AbstractAutowireCapableBeanFactory.java:557) ~[spring-beans-5.2.3.RELEASE.jar:5.2.3.RELEASE]
	at org.springframework.beans.factory.support.AbstractAutowireCapableBeanFactory.createBean(AbstractAutowireCapableBeanFactory.java:517) ~[spring-beans-5.2.3.RELEASE.jar:5.2.3.RELEASE]
	at org.springframework.beans.factory.support.AbstractBeanFactory.lambda$doGetBean$0(AbstractBeanFactory.java:323) ~[spring-beans-5.2.3.RELEASE.jar:5.2.3.RELEASE]
	at org.springframework.beans.factory.support.AbstractBeanFactory$$Lambda$455/0x0000000000000000.getObject(Unknown Source) ~[na:na]
	at org.springframework.beans.factory.support.DefaultSingletonBeanRegistry.getSingleton(DefaultSingletonBeanRegistry.java:222) ~[spring-beans-5.2.3.RELEASE.jar:5.2.3.RELEASE]
	at org.springframework.beans.factory.support.AbstractBeanFactory.doGetBean(AbstractBeanFactory.java:321) ~[spring-beans-5.2.3.RELEASE.jar:5.2.3.RELEASE]
	at org.springframework.beans.factory.support.AbstractBeanFactory.getBean(AbstractBeanFactory.java:202) ~[spring-beans-5.2.3.RELEASE.jar:5.2.3.RELEASE]
	at org.springframework.beans.factory.support.DefaultListableBeanFactory.preInstantiateSingletons(DefaultListableBeanFactory.java:879) ~[spring-beans-5.2.3.RELEASE.jar:5.2.3.RELEASE]
	at org.springframework.context.support.AbstractApplicationContext.finishBeanFactoryInitialization(AbstractApplicationContext.java:878) ~[spring-context-5.2.3.RELEASE.jar:5.2.3.RELEASE]
	at org.springframework.context.support.AbstractApplicationContext.refresh(AbstractApplicationContext.java:550) ~[spring-context-5.2.3.RELEASE.jar:5.2.3.RELEASE]
	at org.springframework.boot.SpringApplication.refresh(SpringApplication.java:747) ~[spring-boot-2.2.4.RELEASE.jar:2.2.4.RELEASE]
	at org.springframework.boot.SpringApplication.refreshContext(SpringApplication.java:397) ~[spring-boot-2.2.4.RELEASE.jar:2.2.4.RELEASE]
	at org.springframework.boot.SpringApplication.run(SpringApplication.java:315) ~[spring-boot-2.2.4.RELEASE.jar:2.2.4.RELEASE]
	at org.springframework.boot.test.context.SpringBootContextLoader.loadContext(SpringBootContextLoader.java:126) [spring-boot-test-2.2.4.RELEASE.jar:2.2.4.RELEASE]
	at org.springframework.test.context.cache.DefaultCacheAwareContextLoaderDelegate.loadContextInternal(DefaultCacheAwareContextLoaderDelegate.java:99) [spring-test-5.2.3.RELEASE.jar:5.2.3.RELEASE]
	at org.springframework.test.context.cache.DefaultCacheAwareContextLoaderDelegate.loadContext(DefaultCacheAwareContextLoaderDelegate.java:124) [spring-test-5.2.3.RELEASE.jar:5.2.3.RELEASE]
	at org.springframework.test.context.support.DefaultTestContext.getApplicationContext(DefaultTestContext.java:123) [spring-test-5.2.3.RELEASE.jar:5.2.3.RELEASE]
	at io.cucumber.spring.TestContextAdaptor.createTestContextManagerAdaptor(TestContextAdaptor.java:32) [cucumber-spring-5.6.0.jar:na]
	at io.cucumber.spring.SpringFactory.start(SpringFactory.java:146) [cucumber-spring-5.6.0.jar:na]
	at io.cucumber.core.runner.Runner.buildBackendWorlds(Runner.java:165) [cucumber-core-5.6.0.jar:na]
	at io.cucumber.core.runner.Runner.runPickle(Runner.java:62) [cucumber-core-5.6.0.jar:na]
	at io.cucumber.junit.PickleRunners$NoStepDescriptions.run(PickleRunners.java:149) [cucumber-junit-5.6.0.jar:na]
	at io.cucumber.junit.FeatureRunner.runChild(FeatureRunner.java:83) [cucumber-junit-5.6.0.jar:na]
	at io.cucumber.junit.FeatureRunner.runChild(FeatureRunner.java:24) [cucumber-junit-5.6.0.jar:na]
	at org.junit.runners.ParentRunner$3.run(ParentRunner.java:290) [junit-4.12.jar:4.12]
	at org.junit.runners.ParentRunner$1.schedule(ParentRunner.java:71) [junit-4.12.jar:4.12]
	at org.junit.runners.ParentRunner.runChildren(ParentRunner.java:288) [junit-4.12.jar:4.12]
	at org.junit.runners.ParentRunner.access$000(ParentRunner.java:58) [junit-4.12.jar:4.12]
	at org.junit.runners.ParentRunner$2.evaluate(ParentRunner.java:268) [junit-4.12.jar:4.12]
	at org.junit.runners.ParentRunner.run(ParentRunner.java:363) [junit-4.12.jar:4.12]
	at io.cucumber.junit.Cucumber.runChild(Cucumber.java:185) [cucumber-junit-5.6.0.jar:na]
	at io.cucumber.junit.Cucumber.runChild(Cucumber.java:83) [cucumber-junit-5.6.0.jar:na]
	at org.junit.runners.ParentRunner$3.run(ParentRunner.java:290) [junit-4.12.jar:4.12]
	at org.junit.runners.ParentRunner$1.schedule(ParentRunner.java:71) [junit-4.12.jar:4.12]
	at org.junit.runners.ParentRunner.runChildren(ParentRunner.java:288) [junit-4.12.jar:4.12]
	at org.junit.runners.ParentRunner.access$000(ParentRunner.java:58) [junit-4.12.jar:4.12]
	at org.junit.runners.ParentRunner$2.evaluate(ParentRunner.java:268) [junit-4.12.jar:4.12]
	at io.cucumber.junit.Cucumber$RunCucumber.evaluate(Cucumber.java:219) [cucumber-junit-5.6.0.jar:na]
	at org.junit.runners.ParentRunner.run(ParentRunner.java:363) [junit-4.12.jar:4.12]
	at org.junit.runner.JUnitCore.run(JUnitCore.java:137) [junit-4.12.jar:4.12]
	at org.junit.runner.JUnitCore.run(JUnitCore.java:115) [junit-4.12.jar:4.12]
	at org.junit.vintage.engine.execution.RunnerExecutor.execute(RunnerExecutor.java:40) [junit-vintage-engine-5.5.2.jar:5.5.2]
	at org.junit.vintage.engine.VintageTestEngine$$Lambda$236/0x0000000000000000.accept(Unknown Source) [junit-vintage-engine-5.5.2.jar:5.5.2]
	at java.util.stream.ForEachOps$ForEachOp$OfRef.accept(ForEachOps.java:183) [na:1.8.0_292]
	at java.util.stream.ReferencePipeline$3$1.accept(ReferencePipeline.java:193) [na:1.8.0_292]
	at java.util.Iterator.forEachRemaining(Iterator.java:116) [na:1.8.0_292]
	at java.util.Spliterators$IteratorSpliterator.forEachRemaining(Spliterators.java:1801) [na:1.8.0_292]
	at java.util.stream.AbstractPipeline.copyInto(AbstractPipeline.java:497) [na:1.8.0_292]
	at java.util.stream.AbstractPipeline.wrapAndCopyInto(AbstractPipeline.java:487) [na:1.8.0_292]
	at java.util.stream.ForEachOps$ForEachOp.evaluateSequential(ForEachOps.java:150) [na:1.8.0_292]
	at java.util.stream.ForEachOps$ForEachOp$OfRef.evaluateSequential(ForEachOps.java:173) [na:1.8.0_292]
	at java.util.stream.AbstractPipeline.evaluate(AbstractPipeline.java:241) [na:1.8.0_292]
	at java.util.stream.ReferencePipeline.forEach(ReferencePipeline.java:485) [na:1.8.0_292]
	at org.junit.vintage.engine.VintageTestEngine.executeAllChildren(VintageTestEngine.java:80) [junit-vintage-engine-5.5.2.jar:5.5.2]
	at org.junit.vintage.engine.VintageTestEngine.execute(VintageTestEngine.java:71) [junit-vintage-engine-5.5.2.jar:5.5.2]
	at org.junit.platform.launcher.core.DefaultLauncher.execute(DefaultLauncher.java:220) [junit-platform-launcher-1.3.1.jar:1.3.1]
	at org.junit.platform.launcher.core.DefaultLauncher.lambda$execute$6(DefaultLauncher.java:188) [junit-platform-launcher-1.3.1.jar:1.3.1]
	at org.junit.platform.launcher.core.DefaultLauncher$$Lambda$200/0x0000000000000000.accept(Unknown Source) [junit-platform-launcher-1.3.1.jar:1.3.1]
	at org.junit.platform.launcher.core.DefaultLauncher.withInterceptedStreams(DefaultLauncher.java:202) [junit-platform-launcher-1.3.1.jar:1.3.1]
	at org.junit.platform.launcher.core.DefaultLauncher.execute(DefaultLauncher.java:181) [junit-platform-launcher-1.3.1.jar:1.3.1]
	at org.junit.platform.launcher.core.DefaultLauncher.execute(DefaultLauncher.java:128) [junit-platform-launcher-1.3.1.jar:1.3.1]
	at org.apache.maven.surefire.junitplatform.JUnitPlatformProvider.invokeAllTests(JUnitPlatformProvider.java:150) [surefire-junit-platform-2.22.2.jar:2.22.2]
	at org.apache.maven.surefire.junitplatform.JUnitPlatformProvider.invoke(JUnitPlatformProvider.java:124) [surefire-junit-platform-2.22.2.jar:2.22.2]
	at org.apache.maven.surefire.booter.ForkedBooter.invokeProviderInSameClassLoader(ForkedBooter.java:384) [surefire-booter-2.22.2.jar:2.22.2]
	at org.apache.maven.surefire.booter.ForkedBooter.runSuitesInProcess(ForkedBooter.java:345) [surefire-booter-2.22.2.jar:2.22.2]
	at org.apache.maven.surefire.booter.ForkedBooter.execute(ForkedBooter.java:126) [surefire-booter-2.22.2.jar:2.22.2]
	at org.apache.maven.surefire.booter.ForkedBooter.main(ForkedBooter.java:418) [surefire-booter-2.22.2.jar:2.22.2]
Caused by: org.springframework.beans.BeanInstantiationException: Failed to instantiate [org.openqa.selenium.support.ui.WebDriverWait]: Factory method 'waitFor' threw exception; nested exception is java.lang.IllegalStateException: No Scope registered for scope name 'cucumber-glue'
	at org.springframework.beans.factory.support.SimpleInstantiationStrategy.instantiate(SimpleInstantiationStrategy.java:185) ~[spring-beans-5.2.3.RELEASE.jar:5.2.3.RELEASE]
	at org.springframework.beans.factory.support.ConstructorResolver.instantiate(ConstructorResolver.java:651) ~[spring-beans-5.2.3.RELEASE.jar:5.2.3.RELEASE]
	... 70 common frames omitted
Caused by: java.lang.IllegalStateException: No Scope registered for scope name 'cucumber-glue'
	at org.springframework.beans.factory.support.AbstractBeanFactory.doGetBean(AbstractBeanFactory.java:353) ~[spring-beans-5.2.3.RELEASE.jar:5.2.3.RELEASE]
	at org.springframework.beans.factory.support.AbstractBeanFactory.getBean(AbstractBeanFactory.java:202) ~[spring-beans-5.2.3.RELEASE.jar:5.2.3.RELEASE]
	at org.springframework.context.annotation.ConfigurationClassEnhancer$BeanMethodInterceptor.resolveBeanReference(ConfigurationClassEnhancer.java:394) ~[spring-context-5.2.3.RELEASE.jar:5.2.3.RELEASE]
	at org.springframework.context.annotation.ConfigurationClassEnhancer$BeanMethodInterceptor.intercept(ConfigurationClassEnhancer.java:366) ~[spring-context-5.2.3.RELEASE.jar:5.2.3.RELEASE]
	at com.cucumber.config.DriverConfig$$EnhancerBySpringCGLIB$$85c505d.webDriver(<generated>) ~[test-classes/:na]
	at com.cucumber.config.DriverConfig.waitFor(DriverConfig.java:38) ~[test-classes/:na]
	at com.cucumber.config.DriverConfig$$EnhancerBySpringCGLIB$$85c505d.CGLIB$waitFor$1(<generated>) ~[test-classes/:na]
	at com.cucumber.config.DriverConfig$$EnhancerBySpringCGLIB$$85c505d$$FastClassBySpringCGLIB$$ce542cf2.invoke(<generated>) ~[test-classes/:na]
	at org.springframework.cglib.proxy.MethodProxy.invokeSuper(MethodProxy.java:244) ~[spring-core-5.2.3.RELEASE.jar:5.2.3.RELEASE]
	at org.springframework.context.annotation.ConfigurationClassEnhancer$BeanMethodInterceptor.intercept(ConfigurationClassEnhancer.java:363) ~[spring-context-5.2.3.RELEASE.jar:5.2.3.RELEASE]
	at com.cucumber.config.DriverConfig$$EnhancerBySpringCGLIB$$85c505d.waitFor(<generated>) ~[test-classes/:na]
	at sun.reflect.NativeMethodAccessorImpl.invoke0(Native Method) ~[na:1.8.0_292]
	at sun.reflect.NativeMethodAccessorImpl.invoke(NativeMethodAccessorImpl.java:62) ~[na:1.8.0_292]
	at sun.reflect.DelegatingMethodAccessorImpl.invoke(DelegatingMethodAccessorImpl.java:43) ~[na:1.8.0_292]
	at java.lang.reflect.Method.invoke(Method.java:498) ~[na:1.8.0_292]
	at org.springframework.beans.factory.support.SimpleInstantiationStrategy.instantiate(SimpleInstantiationStrategy.java:154) ~[spring-beans-5.2.3.RELEASE.jar:5.2.3.RELEASE]
	... 71 common frames omitted

]]></system-out>
    <system-err><![CDATA[sep 25, 2021 10:24:20 AM io.cucumber.junit.Cucumber <init>
ADVERTENCIA: By default Cucumber is running in --non-strict mode.
This default will change to --strict and --non-strict will be removed.
You can use --strict or @CucumberOptions(strict = true) to suppress this warning
sep 25, 2021 10:24:21 AM io.cucumber.junit.Cucumber <init>
ADVERTENCIA: By default Cucumber is running in --non-strict mode.
This default will change to --strict and --non-strict will be removed.
You can use --strict or @CucumberOptions(strict = true) to suppress this warning
]]></system-err>
  </testcase>
  <testcase name="com.cucumber.CucumberTest" classname="com.cucumber.CucumberTest" time="2.668">
    <error type="org.junit.runner.notification.StoppedByUserException">org.junit.runner.notification.StoppedByUserException
</error>
  </testcase>
</testsuite>